<?xml version="1.0" encoding="UTF-8"?>
<testng-results skipped="0" failed="0" ignored="0" total="2" passed="2">
  <reporter-output>
  </reporter-output>
  <suite name="Command line suite" duration-ms="137344" started-at="2019-05-27T09:42:06Z" finished-at="2019-05-27T09:44:23Z">
    <groups>
    </groups>
    <test name="Command line test" duration-ms="137344" started-at="2019-05-27T09:42:06Z" finished-at="2019-05-27T09:44:23Z">
      <class name="com.maven.project.GetTitleTest">
        <test-method status="PASS" signature="GetTitleTest()[pri:0, instance:com.maven.project.GetTitleTest@1554909b]" name="GetTitleTest" duration-ms="48056" started-at="2019-05-27T09:42:06Z" finished-at="2019-05-27T09:42:54Z">
          <reporter-output>
          </reporter-output>
        </test-method> <!-- GetTitleTest -->
      </class> <!-- com.maven.project.GetTitleTest -->
      <class name="com.maven.project.LoginTest">
        <test-method status="PASS" signature="LoginTest()[pri:0, instance:com.maven.project.LoginTest@22f71333]" name="LoginTest" duration-ms="89246" started-at="2019-05-27T09:42:54Z" finished-at="2019-05-27T09:44:23Z">
          <reporter-output>
          </reporter-output>
        </test-method> <!-- LoginTest -->
      </class> <!-- com.maven.project.LoginTest -->
    </test> <!-- Command line test -->
  </suite> <!-- Command line suite -->
</testng-results>
